{"/Users/sharathkumar/music_row/App.js": {"path":"/Users/sharathkumar/music_row/App.js","statementMap":{"0":{"start":{"line":1,"column":42},"end":{"line":1,"column":97}},"1":{"start":{"line":1,"column":98},"end":{"line":1,"column":160}},"2":{"start":{"line":1,"column":160},"end":{"line":1,"column":185}},"3":{"start":{"line":1,"column":198},"end":{"line":1,"column":238}},"4":{"start":{"line":2,"column":19},"end":{"line":2,"column":42}},"5":{"start":{"line":3,"column":22},"end":{"line":3,"column":84}},"6":{"start":{"line":3,"column":104},"end":{"line":3,"column":142}},"7":{"start":{"line":5,"column":10},"end":{"line":7,"column":118}},"8":{"start":{"line":5,"column":26},"end":{"line":7,"column":117}},"9":{"start":{"line":11,"column":0},"end":{"line":11,"column":3}},"10":{"start":{"line":11,"column":4},"end":{"line":11,"column":31}}},"fnMap":{"0":{"name":"App","decl":{"start":{"line":5,"column":19},"end":{"line":5,"column":22}},"loc":{"start":{"line":5,"column":25},"end":{"line":7,"column":118}},"line":5}},"branchMap":{},"s":{"0":1,"1":1,"2":1,"3":1,"4":1,"5":1,"6":1,"7":1,"8":1,"9":1,"10":1},"f":{"0":1},"b":{},"_coverageSchema":"1a1c01bbd47fc00a2c39e90264f33305004495a9","hash":"a2b8c018f8f8bb801fe255804bc6ec7fd845a96d"}
,"/Users/sharathkumar/music_row/fileMock.js": {"path":"/Users/sharathkumar/music_row/fileMock.js","statementMap":{"0":{"start":{"line":1,"column":0},"end":{"line":1,"column":34}}},"fnMap":{},"branchMap":{},"s":{"0":1},"f":{},"b":{},"_coverageSchema":"1a1c01bbd47fc00a2c39e90264f33305004495a9","hash":"5bc6dee0bb4189ccd628f3089ef1df1f19bb80c1"}
,"/Users/sharathkumar/music_row/components/ColorMusicRow/ColorMusicRow.js": {"path":"/Users/sharathkumar/music_row/components/ColorMusicRow/ColorMusicRow.js","statementMap":{"0":{"start":{"line":1,"column":42},"end":{"line":1,"column":97}},"1":{"start":{"line":1,"column":98},"end":{"line":1,"column":160}},"2":{"start":{"line":1,"column":160},"end":{"line":1,"column":185}},"3":{"start":{"line":1,"column":198},"end":{"line":1,"column":238}},"4":{"start":{"line":2,"column":19},"end":{"line":2,"column":42}},"5":{"start":{"line":3,"column":24},"end":{"line":3,"column":77}},"6":{"start":{"line":3,"column":97},"end":{"line":3,"column":170}},"7":{"start":{"line":5,"column":20},"end":{"line":17,"column":1}},"8":{"start":{"line":5,"column":62},"end":{"line":5,"column":72}},"9":{"start":{"line":5,"column":85},"end":{"line":5,"column":99}},"10":{"start":{"line":6,"column":14},"end":{"line":6,"column":97}},"11":{"start":{"line":6,"column":71},"end":{"line":6,"column":95}},"12":{"start":{"line":8,"column":18},"end":{"line":10,"column":3}},"13":{"start":{"line":9,"column":4},"end":{"line":9,"column":17}},"14":{"start":{"line":12,"column":2},"end":{"line":14,"column":112}},"15":{"start":{"line":19,"column":0},"end":{"line":19,"column":13}},"16":{"start":{"line":19,"column":14},"end":{"line":19,"column":41}}},"fnMap":{"0":{"name":"ColorMusicRow","decl":{"start":{"line":5,"column":29},"end":{"line":5,"column":42}},"loc":{"start":{"line":5,"column":49},"end":{"line":17,"column":1}},"line":5},"1":{"name":"(anonymous_1)","decl":{"start":{"line":6,"column":55},"end":{"line":6,"column":56}},"loc":{"start":{"line":6,"column":70},"end":{"line":6,"column":96}},"line":6},"2":{"name":"playSound","decl":{"start":{"line":8,"column":27},"end":{"line":8,"column":36}},"loc":{"start":{"line":8,"column":39},"end":{"line":10,"column":3}},"line":8}},"branchMap":{},"s":{"0":1,"1":1,"2":1,"3":1,"4":1,"5":1,"6":1,"7":1,"8":7,"9":7,"10":7,"11":0,"12":7,"13":0,"14":7,"15":1,"16":1},"f":{"0":7,"1":0,"2":0},"b":{},"_coverageSchema":"1a1c01bbd47fc00a2c39e90264f33305004495a9","hash":"d06e85bf386b82ef2a2448df36b48003496d1a57"}
,"/Users/sharathkumar/music_row/components/ColorMusicRow/index.js": {"path":"/Users/sharathkumar/music_row/components/ColorMusicRow/index.js","statementMap":{"0":{"start":{"line":1,"column":42},"end":{"line":1,"column":97}},"1":{"start":{"line":1,"column":98},"end":{"line":1,"column":160}},"2":{"start":{"line":1,"column":160},"end":{"line":1,"column":278}},"3":{"start":{"line":1,"column":243},"end":{"line":1,"column":273}},"4":{"start":{"line":1,"column":299},"end":{"line":1,"column":349}}},"fnMap":{"0":{"name":"get","decl":{"start":{"line":1,"column":236},"end":{"line":1,"column":239}},"loc":{"start":{"line":1,"column":242},"end":{"line":1,"column":274}},"line":1}},"branchMap":{},"s":{"0":1,"1":1,"2":1,"3":7,"4":1},"f":{"0":7},"b":{},"_coverageSchema":"1a1c01bbd47fc00a2c39e90264f33305004495a9","hash":"2778919f7d0c84f0fb5ff08a5e9439b274d302c9"}
,"/Users/sharathkumar/music_row/components/ColorMusicRows/ColorMusicRows.js": {"path":"/Users/sharathkumar/music_row/components/ColorMusicRows/ColorMusicRows.js","statementMap":{"0":{"start":{"line":1,"column":42},"end":{"line":1,"column":97}},"1":{"start":{"line":1,"column":98},"end":{"line":1,"column":160}},"2":{"start":{"line":1,"column":160},"end":{"line":1,"column":185}},"3":{"start":{"line":1,"column":198},"end":{"line":1,"column":238}},"4":{"start":{"line":2,"column":21},"end":{"line":2,"column":72}},"5":{"start":{"line":2,"column":92},"end":{"line":2,"column":167}},"6":{"start":{"line":4,"column":16},"end":{"line":11,"column":63}},"7":{"start":{"line":14,"column":21},"end":{"line":16,"column":1}},"8":{"start":{"line":15,"column":2},"end":{"line":15,"column":266}},"9":{"start":{"line":15,"column":59},"end":{"line":15,"column":69}},"10":{"start":{"line":15,"column":82},"end":{"line":15,"column":96}},"11":{"start":{"line":15,"column":97},"end":{"line":15,"column":263}},"12":{"start":{"line":18,"column":0},"end":{"line":18,"column":14}},"13":{"start":{"line":18,"column":15},"end":{"line":18,"column":42}}},"fnMap":{"0":{"name":"ColorMusicRows","decl":{"start":{"line":14,"column":30},"end":{"line":14,"column":44}},"loc":{"start":{"line":14,"column":47},"end":{"line":16,"column":1}},"line":14},"1":{"name":"(anonymous_1)","decl":{"start":{"line":15,"column":23},"end":{"line":15,"column":24}},"loc":{"start":{"line":15,"column":46},"end":{"line":15,"column":264}},"line":15}},"branchMap":{},"s":{"0":1,"1":1,"2":1,"3":1,"4":1,"5":1,"6":1,"7":1,"8":1,"9":7,"10":7,"11":7,"12":1,"13":1},"f":{"0":1,"1":7},"b":{},"_coverageSchema":"1a1c01bbd47fc00a2c39e90264f33305004495a9","hash":"efd2fe19eff2252f84c9d34cb8cf987ef21a5421"}
,"/Users/sharathkumar/music_row/components/ColorMusicRows/index.js": {"path":"/Users/sharathkumar/music_row/components/ColorMusicRows/index.js","statementMap":{"0":{"start":{"line":1,"column":42},"end":{"line":1,"column":97}},"1":{"start":{"line":1,"column":98},"end":{"line":1,"column":160}},"2":{"start":{"line":1,"column":160},"end":{"line":1,"column":279}},"3":{"start":{"line":1,"column":243},"end":{"line":1,"column":274}},"4":{"start":{"line":1,"column":301},"end":{"line":1,"column":352}}},"fnMap":{"0":{"name":"get","decl":{"start":{"line":1,"column":236},"end":{"line":1,"column":239}},"loc":{"start":{"line":1,"column":242},"end":{"line":1,"column":275}},"line":1}},"branchMap":{},"s":{"0":1,"1":1,"2":1,"3":2,"4":1},"f":{"0":2},"b":{},"_coverageSchema":"1a1c01bbd47fc00a2c39e90264f33305004495a9","hash":"90e7d275b07bfa1087a0cdb64fab59b7d09b7488"}
}
