TN:
SF:App.js
FN:5,App
FNF:1
FNH:1
FNDA:1,App
DA:1,1
DA:2,1
DA:3,1
DA:5,1
DA:11,1
LF:5
LH:5
BRF:0
BRH:0
end_of_record
TN:
SF:fileMock.js
FNF:0
FNH:0
DA:1,1
LF:1
LH:1
BRF:0
BRH:0
end_of_record
TN:
SF:components/ColorMusicRow/ColorMusicRow.js
FN:5,ColorMusicRow
FN:6,(anonymous_1)
FN:8,playSound
FNF:3
FNH:1
FNDA:7,ColorMusicRow
FNDA:0,(anonymous_1)
FNDA:0,playSound
DA:1,1
DA:2,1
DA:3,1
DA:5,7
DA:6,7
DA:8,7
DA:9,0
DA:12,7
DA:19,1
LF:9
LH:8
BRF:0
BRH:0
end_of_record
TN:
SF:components/ColorMusicRow/index.js
FN:1,get
FNF:1
FNH:1
FNDA:7,get
DA:1,7
LF:1
LH:1
BRF:0
BRH:0
end_of_record
TN:
SF:components/ColorMusicRows/ColorMusicRows.js
FN:14,ColorMusicRows
FN:15,(anonymous_1)
FNF:2
FNH:2
FNDA:1,ColorMusicRows
FNDA:7,(anonymous_1)
DA:1,1
DA:2,1
DA:4,1
DA:14,1
DA:15,7
DA:18,1
LF:6
LH:6
BRF:0
BRH:0
end_of_record
TN:
SF:components/ColorMusicRows/index.js
FN:1,get
FNF:1
FNH:1
FNDA:2,get
DA:1,2
LF:1
LH:1
BRF:0
BRH:0
end_of_record
